  Source.cpp
C:\Users\鄧雅文\Desktop\中興\成圖\code\1101-OpenGL\final_01.04\Project2\Project2\Source.cpp(368,51): warning C4244: '=': conversion from 'double' to 'GLfloat', possible loss of data
C:\Users\鄧雅文\Desktop\中興\成圖\code\1101-OpenGL\final_01.04\Project2\Project2\Source.cpp(397,51): warning C4244: '=': conversion from 'double' to 'GLfloat', possible loss of data
C:\Users\鄧雅文\Desktop\中興\成圖\code\1101-OpenGL\final_01.04\Project2\Project2\Source.cpp(427,51): warning C4244: '=': conversion from 'double' to 'GLfloat', possible loss of data
C:\Users\鄧雅文\Desktop\中興\成圖\code\1101-OpenGL\final_01.04\Project2\Project2\Source.cpp(468,51): warning C4244: '=': conversion from 'double' to 'GLfloat', possible loss of data
C:\Users\鄧雅文\Desktop\中興\成圖\code\1101-OpenGL\final_01.04\Project2\Project2\Source.cpp(522,51): warning C4244: '=': conversion from 'double' to 'GLfloat', possible loss of data
C:\Users\鄧雅文\Desktop\中興\成圖\code\1101-OpenGL\final_01.04\Project2\Project2\Source.cpp(560,51): warning C4244: '=': conversion from 'double' to 'GLfloat', possible loss of data
C:\Users\鄧雅文\Desktop\中興\成圖\code\1101-OpenGL\final_01.04\Project2\Project2\Source.cpp(808,53): warning C4305: 'initializing': truncation from 'double' to 'GLfloat'
C:\Users\鄧雅文\Desktop\中興\成圖\code\1101-OpenGL\final_01.04\Project2\Project2\Source.cpp(896,23): warning C4244: 'argument': conversion from 'int' to 'GLfloat', possible loss of data
C:\Users\鄧雅文\Desktop\中興\成圖\code\1101-OpenGL\final_01.04\Project2\Project2\Source.cpp(896,16): warning C4244: 'argument': conversion from 'int' to 'GLfloat', possible loss of data
C:\Users\鄧雅文\Desktop\中興\成圖\code\1101-OpenGL\final_01.04\Project2\Project2\Source.cpp(898,27): warning C4305: 'argument': truncation from 'double' to 'GLfloat'
C:\Users\鄧雅文\Desktop\中興\成圖\code\1101-OpenGL\final_01.04\Project2\Project2\Source.cpp(899,37): warning C4244: 'argument': conversion from 'int' to 'GLfloat', possible loss of data
C:\Users\鄧雅文\Desktop\中興\成圖\code\1101-OpenGL\final_01.04\Project2\Project2\Source.cpp(899,23): warning C4244: 'argument': conversion from 'int' to 'GLfloat', possible loss of data
C:\Users\鄧雅文\Desktop\中興\成圖\code\1101-OpenGL\final_01.04\Project2\Project2\Source.cpp(899,16): warning C4244: 'argument': conversion from 'int' to 'GLfloat', possible loss of data
C:\Users\鄧雅文\Desktop\中興\成圖\code\1101-OpenGL\final_01.04\Project2\Project2\Source.cpp(901,27): warning C4305: 'argument': truncation from 'double' to 'GLfloat'
C:\Users\鄧雅文\Desktop\中興\成圖\code\1101-OpenGL\final_01.04\Project2\Project2\Source.cpp(902,35): warning C4244: 'argument': conversion from 'int' to 'GLfloat', possible loss of data
C:\Users\鄧雅文\Desktop\中興\成圖\code\1101-OpenGL\final_01.04\Project2\Project2\Source.cpp(902,23): warning C4244: 'argument': conversion from 'int' to 'GLfloat', possible loss of data
C:\Users\鄧雅文\Desktop\中興\成圖\code\1101-OpenGL\final_01.04\Project2\Project2\Source.cpp(902,16): warning C4244: 'argument': conversion from 'int' to 'GLfloat', possible loss of data
C:\Users\鄧雅文\Desktop\中興\成圖\code\1101-OpenGL\final_01.04\Project2\Project2\Source.cpp(905,23): warning C4244: 'argument': conversion from 'int' to 'GLfloat', possible loss of data
C:\Users\鄧雅文\Desktop\中興\成圖\code\1101-OpenGL\final_01.04\Project2\Project2\Source.cpp(905,16): warning C4244: 'argument': conversion from 'int' to 'GLfloat', possible loss of data
C:\Users\鄧雅文\Desktop\中興\成圖\code\1101-OpenGL\final_01.04\Project2\Project2\Source.cpp(914,44): warning C4244: 'argument': conversion from 'int' to 'GLfloat', possible loss of data
C:\Users\鄧雅文\Desktop\中興\成圖\code\1101-OpenGL\final_01.04\Project2\Project2\Source.cpp(914,23): warning C4244: 'argument': conversion from 'int' to 'GLfloat', possible loss of data
C:\Users\鄧雅文\Desktop\中興\成圖\code\1101-OpenGL\final_01.04\Project2\Project2\Source.cpp(914,16): warning C4244: 'argument': conversion from 'int' to 'GLfloat', possible loss of data
C:\Users\鄧雅文\Desktop\中興\成圖\code\1101-OpenGL\final_01.04\Project2\Project2\Source.cpp(916,27): warning C4305: 'argument': truncation from 'double' to 'GLfloat'
C:\Users\鄧雅文\Desktop\中興\成圖\code\1101-OpenGL\final_01.04\Project2\Project2\Source.cpp(917,37): warning C4244: 'argument': conversion from 'int' to 'GLfloat', possible loss of data
C:\Users\鄧雅文\Desktop\中興\成圖\code\1101-OpenGL\final_01.04\Project2\Project2\Source.cpp(917,23): warning C4244: 'argument': conversion from 'int' to 'GLfloat', possible loss of data
C:\Users\鄧雅文\Desktop\中興\成圖\code\1101-OpenGL\final_01.04\Project2\Project2\Source.cpp(917,16): warning C4244: 'argument': conversion from 'int' to 'GLfloat', possible loss of data
C:\Users\鄧雅文\Desktop\中興\成圖\code\1101-OpenGL\final_01.04\Project2\Project2\Source.cpp(919,27): warning C4305: 'argument': truncation from 'double' to 'GLfloat'
C:\Users\鄧雅文\Desktop\中興\成圖\code\1101-OpenGL\final_01.04\Project2\Project2\Source.cpp(920,35): warning C4244: 'argument': conversion from 'int' to 'GLfloat', possible loss of data
C:\Users\鄧雅文\Desktop\中興\成圖\code\1101-OpenGL\final_01.04\Project2\Project2\Source.cpp(920,23): warning C4244: 'argument': conversion from 'int' to 'GLfloat', possible loss of data
C:\Users\鄧雅文\Desktop\中興\成圖\code\1101-OpenGL\final_01.04\Project2\Project2\Source.cpp(920,16): warning C4244: 'argument': conversion from 'int' to 'GLfloat', possible loss of data
C:\Users\鄧雅文\Desktop\中興\成圖\code\1101-OpenGL\final_01.04\Project2\Project2\Source.cpp(923,42): warning C4244: 'argument': conversion from 'int' to 'GLfloat', possible loss of data
C:\Users\鄧雅文\Desktop\中興\成圖\code\1101-OpenGL\final_01.04\Project2\Project2\Source.cpp(923,23): warning C4244: 'argument': conversion from 'int' to 'GLfloat', possible loss of data
C:\Users\鄧雅文\Desktop\中興\成圖\code\1101-OpenGL\final_01.04\Project2\Project2\Source.cpp(923,16): warning C4244: 'argument': conversion from 'int' to 'GLfloat', possible loss of data
C:\Users\鄧雅文\Desktop\中興\成圖\code\1101-OpenGL\final_01.04\Project2\Project2\Source.cpp(933,24): warning C4244: 'argument': conversion from 'int' to 'GLfloat', possible loss of data
C:\Users\鄧雅文\Desktop\中興\成圖\code\1101-OpenGL\final_01.04\Project2\Project2\Source.cpp(933,16): warning C4244: 'argument': conversion from 'int' to 'GLfloat', possible loss of data
C:\Users\鄧雅文\Desktop\中興\成圖\code\1101-OpenGL\final_01.04\Project2\Project2\Source.cpp(935,26): warning C4305: 'argument': truncation from 'double' to 'GLfloat'
C:\Users\鄧雅文\Desktop\中興\成圖\code\1101-OpenGL\final_01.04\Project2\Project2\Source.cpp(936,23): warning C4244: 'argument': conversion from 'int' to 'GLfloat', possible loss of data
C:\Users\鄧雅文\Desktop\中興\成圖\code\1101-OpenGL\final_01.04\Project2\Project2\Source.cpp(936,16): warning C4244: 'argument': conversion from 'int' to 'GLfloat', possible loss of data
C:\Users\鄧雅文\Desktop\中興\成圖\code\1101-OpenGL\final_01.04\Project2\Project2\Source.cpp(938,26): warning C4305: 'argument': truncation from 'double' to 'GLfloat'
C:\Users\鄧雅文\Desktop\中興\成圖\code\1101-OpenGL\final_01.04\Project2\Project2\Source.cpp(939,23): warning C4244: 'argument': conversion from 'int' to 'GLfloat', possible loss of data
C:\Users\鄧雅文\Desktop\中興\成圖\code\1101-OpenGL\final_01.04\Project2\Project2\Source.cpp(939,16): warning C4244: 'argument': conversion from 'int' to 'GLfloat', possible loss of data
C:\Users\鄧雅文\Desktop\中興\成圖\code\1101-OpenGL\final_01.04\Project2\Project2\Source.cpp(942,24): warning C4244: 'argument': conversion from 'int' to 'GLfloat', possible loss of data
C:\Users\鄧雅文\Desktop\中興\成圖\code\1101-OpenGL\final_01.04\Project2\Project2\Source.cpp(942,16): warning C4244: 'argument': conversion from 'int' to 'GLfloat', possible loss of data
C:\Users\鄧雅文\Desktop\中興\成圖\code\1101-OpenGL\final_01.04\Project2\Project2\Source.cpp(951,38): warning C4244: 'argument': conversion from 'int' to 'GLfloat', possible loss of data
C:\Users\鄧雅文\Desktop\中興\成圖\code\1101-OpenGL\final_01.04\Project2\Project2\Source.cpp(951,24): warning C4244: 'argument': conversion from 'int' to 'GLfloat', possible loss of data
C:\Users\鄧雅文\Desktop\中興\成圖\code\1101-OpenGL\final_01.04\Project2\Project2\Source.cpp(951,16): warning C4244: 'argument': conversion from 'int' to 'GLfloat', possible loss of data
C:\Users\鄧雅文\Desktop\中興\成圖\code\1101-OpenGL\final_01.04\Project2\Project2\Source.cpp(953,27): warning C4305: 'argument': truncation from 'double' to 'GLfloat'
C:\Users\鄧雅文\Desktop\中興\成圖\code\1101-OpenGL\final_01.04\Project2\Project2\Source.cpp(954,24): warning C4244: 'argument': conversion from 'int' to 'GLfloat', possible loss of data
C:\Users\鄧雅文\Desktop\中興\成圖\code\1101-OpenGL\final_01.04\Project2\Project2\Source.cpp(954,16): warning C4244: 'argument': conversion from 'int' to 'GLfloat', possible loss of data
C:\Users\鄧雅文\Desktop\中興\成圖\code\1101-OpenGL\final_01.04\Project2\Project2\Source.cpp(956,27): warning C4305: 'argument': truncation from 'double' to 'GLfloat'
C:\Users\鄧雅文\Desktop\中興\成圖\code\1101-OpenGL\final_01.04\Project2\Project2\Source.cpp(957,24): warning C4244: 'argument': conversion from 'int' to 'GLfloat', possible loss of data
C:\Users\鄧雅文\Desktop\中興\成圖\code\1101-OpenGL\final_01.04\Project2\Project2\Source.cpp(957,16): warning C4244: 'argument': conversion from 'int' to 'GLfloat', possible loss of data
C:\Users\鄧雅文\Desktop\中興\成圖\code\1101-OpenGL\final_01.04\Project2\Project2\Source.cpp(960,36): warning C4244: 'argument': conversion from 'int' to 'GLfloat', possible loss of data
C:\Users\鄧雅文\Desktop\中興\成圖\code\1101-OpenGL\final_01.04\Project2\Project2\Source.cpp(960,24): warning C4244: 'argument': conversion from 'int' to 'GLfloat', possible loss of data
C:\Users\鄧雅文\Desktop\中興\成圖\code\1101-OpenGL\final_01.04\Project2\Project2\Source.cpp(960,16): warning C4244: 'argument': conversion from 'int' to 'GLfloat', possible loss of data
C:\Users\鄧雅文\Desktop\中興\成圖\code\1101-OpenGL\final_01.04\Project2\Project2\Source.cpp(970,38): warning C4244: 'argument': conversion from 'int' to 'GLfloat', possible loss of data
C:\Users\鄧雅文\Desktop\中興\成圖\code\1101-OpenGL\final_01.04\Project2\Project2\Source.cpp(970,24): warning C4244: 'argument': conversion from 'int' to 'GLfloat', possible loss of data
C:\Users\鄧雅文\Desktop\中興\成圖\code\1101-OpenGL\final_01.04\Project2\Project2\Source.cpp(970,16): warning C4244: 'argument': conversion from 'int' to 'GLfloat', possible loss of data
C:\Users\鄧雅文\Desktop\中興\成圖\code\1101-OpenGL\final_01.04\Project2\Project2\Source.cpp(972,27): warning C4305: 'argument': truncation from 'double' to 'GLfloat'
C:\Users\鄧雅文\Desktop\中興\成圖\code\1101-OpenGL\final_01.04\Project2\Project2\Source.cpp(973,45): warning C4244: 'argument': conversion from 'int' to 'GLfloat', possible loss of data
C:\Users\鄧雅文\Desktop\中興\成圖\code\1101-OpenGL\final_01.04\Project2\Project2\Source.cpp(973,24): warning C4244: 'argument': conversion from 'int' to 'GLfloat', possible loss of data
C:\Users\鄧雅文\Desktop\中興\成圖\code\1101-OpenGL\final_01.04\Project2\Project2\Source.cpp(973,16): warning C4244: 'argument': conversion from 'int' to 'GLfloat', possible loss of data
C:\Users\鄧雅文\Desktop\中興\成圖\code\1101-OpenGL\final_01.04\Project2\Project2\Source.cpp(975,27): warning C4305: 'argument': truncation from 'double' to 'GLfloat'
C:\Users\鄧雅文\Desktop\中興\成圖\code\1101-OpenGL\final_01.04\Project2\Project2\Source.cpp(976,43): warning C4244: 'argument': conversion from 'int' to 'GLfloat', possible loss of data
C:\Users\鄧雅文\Desktop\中興\成圖\code\1101-OpenGL\final_01.04\Project2\Project2\Source.cpp(976,24): warning C4244: 'argument': conversion from 'int' to 'GLfloat', possible loss of data
C:\Users\鄧雅文\Desktop\中興\成圖\code\1101-OpenGL\final_01.04\Project2\Project2\Source.cpp(976,16): warning C4244: 'argument': conversion from 'int' to 'GLfloat', possible loss of data
C:\Users\鄧雅文\Desktop\中興\成圖\code\1101-OpenGL\final_01.04\Project2\Project2\Source.cpp(979,36): warning C4244: 'argument': conversion from 'int' to 'GLfloat', possible loss of data
C:\Users\鄧雅文\Desktop\中興\成圖\code\1101-OpenGL\final_01.04\Project2\Project2\Source.cpp(979,24): warning C4244: 'argument': conversion from 'int' to 'GLfloat', possible loss of data
C:\Users\鄧雅文\Desktop\中興\成圖\code\1101-OpenGL\final_01.04\Project2\Project2\Source.cpp(979,16): warning C4244: 'argument': conversion from 'int' to 'GLfloat', possible loss of data
C:\Users\鄧雅文\Desktop\中興\成圖\code\1101-OpenGL\final_01.04\Project2\Project2\Source.cpp(989,24): warning C4244: 'argument': conversion from 'int' to 'GLfloat', possible loss of data
C:\Users\鄧雅文\Desktop\中興\成圖\code\1101-OpenGL\final_01.04\Project2\Project2\Source.cpp(989,16): warning C4244: 'argument': conversion from 'int' to 'GLfloat', possible loss of data
C:\Users\鄧雅文\Desktop\中興\成圖\code\1101-OpenGL\final_01.04\Project2\Project2\Source.cpp(991,27): warning C4305: 'argument': truncation from 'double' to 'GLfloat'
C:\Users\鄧雅文\Desktop\中興\成圖\code\1101-OpenGL\final_01.04\Project2\Project2\Source.cpp(992,38): warning C4244: 'argument': conversion from 'int' to 'GLfloat', possible loss of data
C:\Users\鄧雅文\Desktop\中興\成圖\code\1101-OpenGL\final_01.04\Project2\Project2\Source.cpp(992,24): warning C4244: 'argument': conversion from 'int' to 'GLfloat', possible loss of data
C:\Users\鄧雅文\Desktop\中興\成圖\code\1101-OpenGL\final_01.04\Project2\Project2\Source.cpp(992,16): warning C4244: 'argument': conversion from 'int' to 'GLfloat', possible loss of data
C:\Users\鄧雅文\Desktop\中興\成圖\code\1101-OpenGL\final_01.04\Project2\Project2\Source.cpp(994,27): warning C4305: 'argument': truncation from 'double' to 'GLfloat'
C:\Users\鄧雅文\Desktop\中興\成圖\code\1101-OpenGL\final_01.04\Project2\Project2\Source.cpp(995,37): warning C4244: 'argument': conversion from 'int' to 'GLfloat', possible loss of data
C:\Users\鄧雅文\Desktop\中興\成圖\code\1101-OpenGL\final_01.04\Project2\Project2\Source.cpp(995,23): warning C4244: 'argument': conversion from 'int' to 'GLfloat', possible loss of data
C:\Users\鄧雅文\Desktop\中興\成圖\code\1101-OpenGL\final_01.04\Project2\Project2\Source.cpp(995,16): warning C4244: 'argument': conversion from 'int' to 'GLfloat', possible loss of data
C:\Users\鄧雅文\Desktop\中興\成圖\code\1101-OpenGL\final_01.04\Project2\Project2\Source.cpp(997,26): warning C4305: 'argument': truncation from 'double' to 'GLfloat'
C:\Users\鄧雅文\Desktop\中興\成圖\code\1101-OpenGL\final_01.04\Project2\Project2\Source.cpp(998,23): warning C4244: 'argument': conversion from 'int' to 'GLfloat', possible loss of data
C:\Users\鄧雅文\Desktop\中興\成圖\code\1101-OpenGL\final_01.04\Project2\Project2\Source.cpp(998,16): warning C4244: 'argument': conversion from 'int' to 'GLfloat', possible loss of data
C:\Users\鄧雅文\Desktop\中興\成圖\code\1101-OpenGL\final_01.04\Project2\Project2\Source.cpp(1007,44): warning C4244: 'argument': conversion from 'int' to 'GLfloat', possible loss of data
C:\Users\鄧雅文\Desktop\中興\成圖\code\1101-OpenGL\final_01.04\Project2\Project2\Source.cpp(1007,23): warning C4244: 'argument': conversion from 'int' to 'GLfloat', possible loss of data
C:\Users\鄧雅文\Desktop\中興\成圖\code\1101-OpenGL\final_01.04\Project2\Project2\Source.cpp(1007,16): warning C4244: 'argument': conversion from 'int' to 'GLfloat', possible loss of data
C:\Users\鄧雅文\Desktop\中興\成圖\code\1101-OpenGL\final_01.04\Project2\Project2\Source.cpp(1009,27): warning C4305: 'argument': truncation from 'double' to 'GLfloat'
C:\Users\鄧雅文\Desktop\中興\成圖\code\1101-OpenGL\final_01.04\Project2\Project2\Source.cpp(1010,37): warning C4244: 'argument': conversion from 'int' to 'GLfloat', possible loss of data
C:\Users\鄧雅文\Desktop\中興\成圖\code\1101-OpenGL\final_01.04\Project2\Project2\Source.cpp(1010,23): warning C4244: 'argument': conversion from 'int' to 'GLfloat', possible loss of data
C:\Users\鄧雅文\Desktop\中興\成圖\code\1101-OpenGL\final_01.04\Project2\Project2\Source.cpp(1010,16): warning C4244: 'argument': conversion from 'int' to 'GLfloat', possible loss of data
C:\Users\鄧雅文\Desktop\中興\成圖\code\1101-OpenGL\final_01.04\Project2\Project2\Source.cpp(1012,27): warning C4305: 'argument': truncation from 'double' to 'GLfloat'
C:\Users\鄧雅文\Desktop\中興\成圖\code\1101-OpenGL\final_01.04\Project2\Project2\Source.cpp(1013,38): warning C4244: 'argument': conversion from 'int' to 'GLfloat', possible loss of data
C:\Users\鄧雅文\Desktop\中興\成圖\code\1101-OpenGL\final_01.04\Project2\Project2\Source.cpp(1013,24): warning C4244: 'argument': conversion from 'int' to 'GLfloat', possible loss of data
C:\Users\鄧雅文\Desktop\中興\成圖\code\1101-OpenGL\final_01.04\Project2\Project2\Source.cpp(1013,16): warning C4244: 'argument': conversion from 'int' to 'GLfloat', possible loss of data
C:\Users\鄧雅文\Desktop\中興\成圖\code\1101-OpenGL\final_01.04\Project2\Project2\Source.cpp(1015,26): warning C4305: 'argument': truncation from 'double' to 'GLfloat'
C:\Users\鄧雅文\Desktop\中興\成圖\code\1101-OpenGL\final_01.04\Project2\Project2\Source.cpp(1016,45): warning C4244: 'argument': conversion from 'int' to 'GLfloat', possible loss of data
C:\Users\鄧雅文\Desktop\中興\成圖\code\1101-OpenGL\final_01.04\Project2\Project2\Source.cpp(1016,24): warning C4244: 'argument': conversion from 'int' to 'GLfloat', possible loss of data
C:\Users\鄧雅文\Desktop\中興\成圖\code\1101-OpenGL\final_01.04\Project2\Project2\Source.cpp(1016,16): warning C4244: 'argument': conversion from 'int' to 'GLfloat', possible loss of data
C:\Users\鄧雅文\Desktop\中興\成圖\code\1101-OpenGL\final_01.04\Project2\Project2\Source.cpp(1025,24): warning C4244: 'argument': conversion from 'int' to 'GLfloat', possible loss of data
C:\Users\鄧雅文\Desktop\中興\成圖\code\1101-OpenGL\final_01.04\Project2\Project2\Source.cpp(1025,16): warning C4244: 'argument': conversion from 'int' to 'GLfloat', possible loss of data
C:\Users\鄧雅文\Desktop\中興\成圖\code\1101-OpenGL\final_01.04\Project2\Project2\Source.cpp(1026,43): warning C4244: 'argument': conversion from 'int' to 'GLfloat', possible loss of data
C:\Users\鄧雅文\Desktop\中興\成圖\code\1101-OpenGL\final_01.04\Project2\Project2\Source.cpp(1026,24): warning C4244: 'argument': conversion from 'int' to 'GLfloat', possible loss of data
C:\Users\鄧雅文\Desktop\中興\成圖\code\1101-OpenGL\final_01.04\Project2\Project2\Source.cpp(1026,16): warning C4244: 'argument': conversion from 'int' to 'GLfloat', possible loss of data
C:\Users\鄧雅文\Desktop\中興\成圖\code\1101-OpenGL\final_01.04\Project2\Project2\Source.cpp(1027,42): warning C4244: 'argument': conversion from 'int' to 'GLfloat', possible loss of data
C:\Users\鄧雅文\Desktop\中興\成圖\code\1101-OpenGL\final_01.04\Project2\Project2\Source.cpp(1027,23): warning C4244: 'argument': conversion from 'int' to 'GLfloat', possible loss of data
C:\Users\鄧雅文\Desktop\中興\成圖\code\1101-OpenGL\final_01.04\Project2\Project2\Source.cpp(1027,16): warning C4244: 'argument': conversion from 'int' to 'GLfloat', possible loss of data
C:\Users\鄧雅文\Desktop\中興\成圖\code\1101-OpenGL\final_01.04\Project2\Project2\Source.cpp(1028,23): warning C4244: 'argument': conversion from 'int' to 'GLfloat', possible loss of data
C:\Users\鄧雅文\Desktop\中興\成圖\code\1101-OpenGL\final_01.04\Project2\Project2\Source.cpp(1028,16): warning C4244: 'argument': conversion from 'int' to 'GLfloat', possible loss of data
C:\Users\鄧雅文\Desktop\中興\成圖\code\1101-OpenGL\final_01.04\Project2\Project2\Source.cpp(1035,42): warning C4244: 'initializing': conversion from 'int' to 'GLfloat', possible loss of data
C:\Users\鄧雅文\Desktop\中興\成圖\code\1101-OpenGL\final_01.04\Project2\Project2\Source.cpp(1080,29): warning C4305: 'initializing': truncation from 'double' to 'float'
C:\Users\鄧雅文\Desktop\中興\成圖\code\1101-OpenGL\final_01.04\Project2\Project2\Source.cpp(1105,35): warning C4244: 'argument': conversion from 'double' to 'GLfloat', possible loss of data
C:\Users\鄧雅文\Desktop\中興\成圖\code\1101-OpenGL\final_01.04\Project2\Project2\Source.cpp(1115,35): warning C4244: 'argument': conversion from 'double' to 'GLfloat', possible loss of data
C:\Users\鄧雅文\Desktop\中興\成圖\code\1101-OpenGL\final_01.04\Project2\Project2\Source.cpp(1117,38): warning C4305: 'argument': truncation from 'double' to 'GLfloat'
C:\Users\鄧雅文\Desktop\中興\成圖\code\1101-OpenGL\final_01.04\Project2\Project2\Source.cpp(1134,35): warning C4244: 'argument': conversion from 'double' to 'GLfloat', possible loss of data
C:\Users\鄧雅文\Desktop\中興\成圖\code\1101-OpenGL\final_01.04\Project2\Project2\Source.cpp(1139,36): warning C4305: 'argument': truncation from 'double' to 'GLfloat'
C:\Users\鄧雅文\Desktop\中興\成圖\code\1101-OpenGL\final_01.04\Project2\Project2\Source.cpp(1169,54): warning C4305: 'initializing': truncation from 'double' to 'GLfloat'
C:\Users\鄧雅文\Desktop\中興\成圖\code\1101-OpenGL\final_01.04\Project2\Project2\Source.cpp(1170,60): warning C4305: 'initializing': truncation from 'double' to 'GLfloat'
C:\Users\鄧雅文\Desktop\中興\成圖\code\1101-OpenGL\final_01.04\Project2\Project2\Source.cpp(1171,54): warning C4305: 'initializing': truncation from 'double' to 'GLfloat'
C:\Users\鄧雅文\Desktop\中興\成圖\code\1101-OpenGL\final_01.04\Project2\Project2\Source.cpp(1176,55): warning C4305: 'initializing': truncation from 'double' to 'GLfloat'
C:\Users\鄧雅文\Desktop\中興\成圖\code\1101-OpenGL\final_01.04\Project2\Project2\Source.cpp(1211,27): warning C4244: 'argument': conversion from 'int' to 'GLfloat', possible loss of data
C:\Users\鄧雅文\Desktop\中興\成圖\code\1101-OpenGL\final_01.04\Project2\Project2\Source.cpp(1248,39): warning C4244: 'argument': conversion from 'double' to 'GLfloat', possible loss of data
C:\Users\鄧雅文\Desktop\中興\成圖\code\1101-OpenGL\final_01.04\Project2\Project2\Source.cpp(1249,27): warning C4244: 'argument': conversion from 'int' to 'GLfloat', possible loss of data
C:\Users\鄧雅文\Desktop\中興\成圖\code\1101-OpenGL\final_01.04\Project2\Project2\Source.cpp(1253,31): warning C4244: 'argument': conversion from 'int' to 'GLfloat', possible loss of data
C:\Users\鄧雅文\Desktop\中興\成圖\code\1101-OpenGL\final_01.04\Project2\Project2\Source.cpp(1270,50): warning C4305: 'argument': truncation from 'double' to 'GLfloat'
C:\Users\鄧雅文\Desktop\中興\成圖\code\1101-OpenGL\final_01.04\Project2\Project2\Source.cpp(1272,51): warning C4244: 'argument': conversion from 'int' to 'GLfloat', possible loss of data
C:\Users\鄧雅文\Desktop\中興\成圖\code\1101-OpenGL\final_01.04\Project2\Project2\Source.cpp(1273,40): warning C4244: 'argument': conversion from 'int' to 'GLfloat', possible loss of data
C:\Users\鄧雅文\Desktop\中興\成圖\code\1101-OpenGL\final_01.04\Project2\Project2\Source.cpp(1281,49): warning C4305: 'argument': truncation from 'double' to 'GLfloat'
C:\Users\鄧雅文\Desktop\中興\成圖\code\1101-OpenGL\final_01.04\Project2\Project2\Source.cpp(1283,51): warning C4244: 'argument': conversion from 'int' to 'GLfloat', possible loss of data
C:\Users\鄧雅文\Desktop\中興\成圖\code\1101-OpenGL\final_01.04\Project2\Project2\Source.cpp(1284,40): warning C4244: 'argument': conversion from 'int' to 'GLfloat', possible loss of data
C:\Users\鄧雅文\Desktop\中興\成圖\code\1101-OpenGL\final_01.04\Project2\Project2\Source.cpp(1295,51): warning C4244: 'argument': conversion from 'int' to 'GLfloat', possible loss of data
C:\Users\鄧雅文\Desktop\中興\成圖\code\1101-OpenGL\final_01.04\Project2\Project2\Source.cpp(1296,40): warning C4244: 'argument': conversion from 'int' to 'GLfloat', possible loss of data
C:\Users\鄧雅文\Desktop\中興\成圖\code\1101-OpenGL\final_01.04\Project2\Project2\Source.cpp(1307,51): warning C4244: 'argument': conversion from 'int' to 'GLfloat', possible loss of data
C:\Users\鄧雅文\Desktop\中興\成圖\code\1101-OpenGL\final_01.04\Project2\Project2\Source.cpp(1308,40): warning C4244: 'argument': conversion from 'int' to 'GLfloat', possible loss of data
C:\Users\鄧雅文\Desktop\中興\成圖\code\1101-OpenGL\final_01.04\Project2\Project2\Source.cpp(1457,48): warning C4244: '=': conversion from 'int' to 'GLfloat', possible loss of data
C:\Users\鄧雅文\Desktop\中興\成圖\code\1101-OpenGL\final_01.04\Project2\Project2\Source.cpp(1490,5): warning C4065: switch statement contains 'default' but no 'case' labels
  Project2.vcxproj -> C:\Users\鄧雅文\Desktop\中興\成圖\code\1101-OpenGL\final_01.04\Project2\Debug\Project2.exe
